<?xml version="1.0" encoding="UTF-8"?>
<testng-results ignored="0" total="1" passed="1" failed="0" skipped="0">
  <reporter-output>
  </reporter-output>
  <suite started-at="2023-06-27T14:42:45 IST" name="Default suite" finished-at="2023-06-27T14:42:49 IST" duration-ms="4178">
    <groups>
    </groups>
    <test started-at="2023-06-27T14:42:45 IST" name="Default test" finished-at="2023-06-27T14:42:49 IST" duration-ms="4178">
      <class name="syne.API.APITest1">
        <test-method signature="test1()[pri:0, instance:syne.API.APITest1@2ed2d9cb]" started-at="2023-06-27T14:42:45 IST" name="test1" description="first api test" finished-at="2023-06-27T14:42:49 IST" duration-ms="4079" status="PASS">
          <reporter-output>
          </reporter-output>
        </test-method> <!-- test1 -->
      </class> <!-- syne.API.APITest1 -->
    </test> <!-- Default test -->
  </suite> <!-- Default suite -->
</testng-results>
